<?xml version="1.0" encoding="UTF-8"?>
<!-- Generated by org.testng.reporters.JUnitReportReporter -->
<testsuite hostname="LAPTOP-II6A6BGH" name="baseclass.Commonfunction" tests="1" failures="0" timestamp="21 Sep 2020 20:47:21 GMT" time="8.124" errors="0">
  <testcase name="launchbrowser" time="8.124" classname="baseclass.Commonfunction"/>
</testsuite> <!-- baseclass.Commonfunction -->
